2026-03-12 14:47:02 - DEBUG - file_data_reader.py:__init__:84 - 初始化文件读取器: test.csv (格式: .csv)
2026-03-12 14:47:02 - DEBUG - file_data_reader.py:__init__:84 - 初始化文件读取器: test.csv (格式: .csv)
2026-03-12 14:47:02 - INFO - file_data_reader.py:read:240 - 开始读取 [.csv] test.csv
2026-03-12 14:47:02 - INFO - file_data_reader.py:read:240 - 开始读取 [.csv] test.csv
2026-03-12 14:47:02 - DEBUG - file_data_reader.py:_read_csv:162 - 读取 CSV: test.csv
2026-03-12 14:47:02 - DEBUG - file_data_reader.py:_read_csv:162 - 读取 CSV: test.csv
2026-03-12 14:47:02 - DEBUG - file_data_reader.py:_read_csv:173 - CSV 读取成功 | 形状(3, 4) | 列预览: ['n1', 'n2', 'n3']... (共4列)
2026-03-12 14:47:02 - DEBUG - file_data_reader.py:_read_csv:173 - CSV 读取成功 | 形状(3, 4) | 列预览: ['n1', 'n2', 'n3']... (共4列)
2026-03-12 14:47:02 - DEBUG - file_data_reader.py:read:259 - 读取完成 [.csv] test.csv
2026-03-12 14:47:02 - DEBUG - file_data_reader.py:read:259 - 读取完成 [.csv] test.csv
2026-03-12 14:52:39 - DEBUG - file_data_reader.py:__init__:84 - 初始化文件读取器: test.csv (格式: .csv)
2026-03-12 14:52:39 - DEBUG - file_data_reader.py:__init__:84 - 初始化文件读取器: test.csv (格式: .csv)
2026-03-12 14:52:39 - INFO - file_data_reader.py:read:240 - 开始读取 [.csv] test.csv
2026-03-12 14:52:39 - INFO - file_data_reader.py:read:240 - 开始读取 [.csv] test.csv
2026-03-12 14:52:39 - DEBUG - file_data_reader.py:_read_csv:162 - 读取 CSV: test.csv
2026-03-12 14:52:39 - DEBUG - file_data_reader.py:_read_csv:162 - 读取 CSV: test.csv
2026-03-12 14:52:39 - DEBUG - file_data_reader.py:_read_csv:173 - CSV 读取成功 | 形状(3, 4) | 列预览: ['n1', 'n2', 'n3']... (共4列)
2026-03-12 14:52:39 - DEBUG - file_data_reader.py:_read_csv:173 - CSV 读取成功 | 形状(3, 4) | 列预览: ['n1', 'n2', 'n3']... (共4列)
2026-03-12 14:52:39 - DEBUG - file_data_reader.py:read:259 - 读取完成 [.csv] test.csv
2026-03-12 14:52:39 - DEBUG - file_data_reader.py:read:259 - 读取完成 [.csv] test.csv
2026-03-12 14:55:50 - DEBUG - file_data_reader.py:__init__:84 - 初始化文件读取器: test.csv (格式: .csv)
2026-03-12 14:55:50 - DEBUG - file_data_reader.py:__init__:84 - 初始化文件读取器: test.csv (格式: .csv)
2026-03-12 14:55:50 - INFO - file_data_reader.py:read:240 - 开始读取 [.csv] test.csv
2026-03-12 14:55:50 - INFO - file_data_reader.py:read:240 - 开始读取 [.csv] test.csv
2026-03-12 14:55:50 - DEBUG - file_data_reader.py:_read_csv:162 - 读取 CSV: test.csv
2026-03-12 14:55:50 - DEBUG - file_data_reader.py:_read_csv:162 - 读取 CSV: test.csv
2026-03-12 14:55:50 - DEBUG - file_data_reader.py:_read_csv:173 - CSV 读取成功 | 形状(3, 4) | 列预览: ['n1', 'n2', 'n3']... (共4列)
2026-03-12 14:55:50 - DEBUG - file_data_reader.py:_read_csv:173 - CSV 读取成功 | 形状(3, 4) | 列预览: ['n1', 'n2', 'n3']... (共4列)
2026-03-12 14:55:50 - DEBUG - file_data_reader.py:read:259 - 读取完成 [.csv] test.csv
2026-03-12 14:55:50 - DEBUG - file_data_reader.py:read:259 - 读取完成 [.csv] test.csv
2026-03-12 14:57:21 - DEBUG - file_data_reader.py:__init__:84 - 初始化文件读取器: test.csv (格式: .csv)
2026-03-12 14:57:21 - DEBUG - file_data_reader.py:__init__:84 - 初始化文件读取器: test.csv (格式: .csv)
2026-03-12 14:57:21 - INFO - file_data_reader.py:read:240 - 开始读取 [.csv] test.csv
2026-03-12 14:57:21 - INFO - file_data_reader.py:read:240 - 开始读取 [.csv] test.csv
2026-03-12 14:57:21 - DEBUG - file_data_reader.py:_read_csv:162 - 读取 CSV: test.csv
2026-03-12 14:57:21 - DEBUG - file_data_reader.py:_read_csv:162 - 读取 CSV: test.csv
2026-03-12 14:57:21 - DEBUG - file_data_reader.py:_read_csv:173 - CSV 读取成功 | 形状(3, 4) | 列预览: ['n1', 'n2', 'n3']... (共4列)
2026-03-12 14:57:21 - DEBUG - file_data_reader.py:_read_csv:173 - CSV 读取成功 | 形状(3, 4) | 列预览: ['n1', 'n2', 'n3']... (共4列)
2026-03-12 14:57:21 - DEBUG - file_data_reader.py:read:259 - 读取完成 [.csv] test.csv
2026-03-12 14:57:21 - DEBUG - file_data_reader.py:read:259 - 读取完成 [.csv] test.csv
2026-03-12 15:00:41 - DEBUG - file_data_reader.py:__init__:84 - 初始化文件读取器: test.csv (格式: .csv)
2026-03-12 15:00:41 - DEBUG - file_data_reader.py:__init__:84 - 初始化文件读取器: test.csv (格式: .csv)
2026-03-12 15:00:41 - INFO - file_data_reader.py:read:240 - 开始读取 [.csv] test.csv
2026-03-12 15:00:41 - INFO - file_data_reader.py:read:240 - 开始读取 [.csv] test.csv
2026-03-12 15:00:41 - DEBUG - file_data_reader.py:_read_csv:162 - 读取 CSV: test.csv
2026-03-12 15:00:41 - DEBUG - file_data_reader.py:_read_csv:162 - 读取 CSV: test.csv
2026-03-12 15:00:41 - DEBUG - file_data_reader.py:_read_csv:173 - CSV 读取成功 | 形状(3, 4) | 列预览: ['n1', 'n2', 'n3']... (共4列)
2026-03-12 15:00:41 - DEBUG - file_data_reader.py:_read_csv:173 - CSV 读取成功 | 形状(3, 4) | 列预览: ['n1', 'n2', 'n3']... (共4列)
2026-03-12 15:00:41 - DEBUG - file_data_reader.py:read:259 - 读取完成 [.csv] test.csv
2026-03-12 15:00:41 - DEBUG - file_data_reader.py:read:259 - 读取完成 [.csv] test.csv
2026-03-12 15:00:54 - DEBUG - file_data_reader.py:__init__:84 - 初始化文件读取器: test.csv (格式: .csv)
2026-03-12 15:00:54 - DEBUG - file_data_reader.py:__init__:84 - 初始化文件读取器: test.csv (格式: .csv)
2026-03-12 15:00:54 - INFO - file_data_reader.py:read:240 - 开始读取 [.csv] test.csv
2026-03-12 15:00:54 - INFO - file_data_reader.py:read:240 - 开始读取 [.csv] test.csv
2026-03-12 15:00:54 - DEBUG - file_data_reader.py:_read_csv:162 - 读取 CSV: test.csv
2026-03-12 15:00:54 - DEBUG - file_data_reader.py:_read_csv:162 - 读取 CSV: test.csv
2026-03-12 15:00:54 - DEBUG - file_data_reader.py:_read_csv:173 - CSV 读取成功 | 形状(3, 4) | 列预览: ['n1', 'n2', 'n3']... (共4列)
2026-03-12 15:00:54 - DEBUG - file_data_reader.py:_read_csv:173 - CSV 读取成功 | 形状(3, 4) | 列预览: ['n1', 'n2', 'n3']... (共4列)
2026-03-12 15:00:54 - DEBUG - file_data_reader.py:read:259 - 读取完成 [.csv] test.csv
2026-03-12 15:00:54 - DEBUG - file_data_reader.py:read:259 - 读取完成 [.csv] test.csv
2026-03-12 15:01:22 - DEBUG - file_data_reader.py:__init__:84 - 初始化文件读取器: test.csv (格式: .csv)
2026-03-12 15:01:22 - DEBUG - file_data_reader.py:__init__:84 - 初始化文件读取器: test.csv (格式: .csv)
2026-03-12 15:01:22 - INFO - file_data_reader.py:read:240 - 开始读取 [.csv] test.csv
2026-03-12 15:01:22 - INFO - file_data_reader.py:read:240 - 开始读取 [.csv] test.csv
2026-03-12 15:01:22 - DEBUG - file_data_reader.py:_read_csv:162 - 读取 CSV: test.csv
2026-03-12 15:01:22 - DEBUG - file_data_reader.py:_read_csv:162 - 读取 CSV: test.csv
2026-03-12 15:01:22 - DEBUG - file_data_reader.py:_read_csv:173 - CSV 读取成功 | 形状(3, 4) | 列预览: ['n1', 'n2', 'n3']... (共4列)
2026-03-12 15:01:22 - DEBUG - file_data_reader.py:_read_csv:173 - CSV 读取成功 | 形状(3, 4) | 列预览: ['n1', 'n2', 'n3']... (共4列)
2026-03-12 15:01:22 - DEBUG - file_data_reader.py:read:259 - 读取完成 [.csv] test.csv
2026-03-12 15:01:22 - DEBUG - file_data_reader.py:read:259 - 读取完成 [.csv] test.csv
2026-03-12 15:01:57 - DEBUG - file_data_reader.py:__init__:84 - 初始化文件读取器: test.csv (格式: .csv)
2026-03-12 15:01:57 - DEBUG - file_data_reader.py:__init__:84 - 初始化文件读取器: test.csv (格式: .csv)
2026-03-12 15:01:57 - INFO - file_data_reader.py:read:240 - 开始读取 [.csv] test.csv
2026-03-12 15:01:57 - INFO - file_data_reader.py:read:240 - 开始读取 [.csv] test.csv
2026-03-12 15:01:57 - DEBUG - file_data_reader.py:_read_csv:162 - 读取 CSV: test.csv
2026-03-12 15:01:57 - DEBUG - file_data_reader.py:_read_csv:162 - 读取 CSV: test.csv
2026-03-12 15:01:57 - DEBUG - file_data_reader.py:_read_csv:173 - CSV 读取成功 | 形状(3, 4) | 列预览: ['n1', 'n2', 'n3']... (共4列)
2026-03-12 15:01:57 - DEBUG - file_data_reader.py:_read_csv:173 - CSV 读取成功 | 形状(3, 4) | 列预览: ['n1', 'n2', 'n3']... (共4列)
2026-03-12 15:01:57 - DEBUG - file_data_reader.py:read:259 - 读取完成 [.csv] test.csv
2026-03-12 15:01:57 - DEBUG - file_data_reader.py:read:259 - 读取完成 [.csv] test.csv
2026-03-12 15:02:20 - DEBUG - file_data_reader.py:__init__:84 - 初始化文件读取器: test.csv (格式: .csv)
2026-03-12 15:02:20 - DEBUG - file_data_reader.py:__init__:84 - 初始化文件读取器: test.csv (格式: .csv)
2026-03-12 15:02:20 - INFO - file_data_reader.py:read:240 - 开始读取 [.csv] test.csv
2026-03-12 15:02:20 - INFO - file_data_reader.py:read:240 - 开始读取 [.csv] test.csv
2026-03-12 15:02:20 - DEBUG - file_data_reader.py:_read_csv:162 - 读取 CSV: test.csv
2026-03-12 15:02:20 - DEBUG - file_data_reader.py:_read_csv:162 - 读取 CSV: test.csv
2026-03-12 15:02:20 - DEBUG - file_data_reader.py:_read_csv:173 - CSV 读取成功 | 形状(3, 4) | 列预览: ['n1', 'n2', 'n3']... (共4列)
2026-03-12 15:02:20 - DEBUG - file_data_reader.py:_read_csv:173 - CSV 读取成功 | 形状(3, 4) | 列预览: ['n1', 'n2', 'n3']... (共4列)
2026-03-12 15:02:20 - DEBUG - file_data_reader.py:read:259 - 读取完成 [.csv] test.csv
2026-03-12 15:02:20 - DEBUG - file_data_reader.py:read:259 - 读取完成 [.csv] test.csv
2026-03-12 15:02:40 - DEBUG - file_data_reader.py:__init__:84 - 初始化文件读取器: test.csv (格式: .csv)
2026-03-12 15:02:40 - DEBUG - file_data_reader.py:__init__:84 - 初始化文件读取器: test.csv (格式: .csv)
2026-03-12 15:02:40 - INFO - file_data_reader.py:read:240 - 开始读取 [.csv] test.csv
2026-03-12 15:02:40 - INFO - file_data_reader.py:read:240 - 开始读取 [.csv] test.csv
2026-03-12 15:02:40 - DEBUG - file_data_reader.py:_read_csv:162 - 读取 CSV: test.csv
2026-03-12 15:02:40 - DEBUG - file_data_reader.py:_read_csv:162 - 读取 CSV: test.csv
2026-03-12 15:02:40 - DEBUG - file_data_reader.py:_read_csv:173 - CSV 读取成功 | 形状(3, 4) | 列预览: ['n1', 'n2', 'n3']... (共4列)
2026-03-12 15:02:40 - DEBUG - file_data_reader.py:_read_csv:173 - CSV 读取成功 | 形状(3, 4) | 列预览: ['n1', 'n2', 'n3']... (共4列)
2026-03-12 15:02:40 - DEBUG - file_data_reader.py:read:259 - 读取完成 [.csv] test.csv
2026-03-12 15:02:40 - DEBUG - file_data_reader.py:read:259 - 读取完成 [.csv] test.csv
2026-03-12 15:03:24 - DEBUG - file_data_reader.py:__init__:84 - 初始化文件读取器: test.csv (格式: .csv)
2026-03-12 15:03:24 - DEBUG - file_data_reader.py:__init__:84 - 初始化文件读取器: test.csv (格式: .csv)
2026-03-12 15:03:24 - INFO - file_data_reader.py:read:240 - 开始读取 [.csv] test.csv
2026-03-12 15:03:24 - INFO - file_data_reader.py:read:240 - 开始读取 [.csv] test.csv
2026-03-12 15:03:24 - DEBUG - file_data_reader.py:_read_csv:162 - 读取 CSV: test.csv
2026-03-12 15:03:24 - DEBUG - file_data_reader.py:_read_csv:162 - 读取 CSV: test.csv
2026-03-12 15:03:24 - DEBUG - file_data_reader.py:_read_csv:173 - CSV 读取成功 | 形状(3, 4) | 列预览: ['n1', 'n2', 'n3']... (共4列)
2026-03-12 15:03:24 - DEBUG - file_data_reader.py:_read_csv:173 - CSV 读取成功 | 形状(3, 4) | 列预览: ['n1', 'n2', 'n3']... (共4列)
2026-03-12 15:03:24 - DEBUG - file_data_reader.py:read:259 - 读取完成 [.csv] test.csv
2026-03-12 15:03:24 - DEBUG - file_data_reader.py:read:259 - 读取完成 [.csv] test.csv
2026-03-12 15:06:32 - DEBUG - file_data_reader.py:__init__:84 - 初始化文件读取器: test.csv (格式: .csv)
2026-03-12 15:06:32 - DEBUG - file_data_reader.py:__init__:84 - 初始化文件读取器: test.csv (格式: .csv)
2026-03-12 15:06:32 - INFO - file_data_reader.py:read:240 - 开始读取 [.csv] test.csv
2026-03-12 15:06:32 - INFO - file_data_reader.py:read:240 - 开始读取 [.csv] test.csv
2026-03-12 15:06:32 - DEBUG - file_data_reader.py:_read_csv:162 - 读取 CSV: test.csv
2026-03-12 15:06:32 - DEBUG - file_data_reader.py:_read_csv:162 - 读取 CSV: test.csv
2026-03-12 15:06:32 - DEBUG - file_data_reader.py:_read_csv:173 - CSV 读取成功 | 形状(3, 4) | 列预览: ['n1', 'n2', 'n3']... (共4列)
2026-03-12 15:06:32 - DEBUG - file_data_reader.py:_read_csv:173 - CSV 读取成功 | 形状(3, 4) | 列预览: ['n1', 'n2', 'n3']... (共4列)
2026-03-12 15:06:32 - DEBUG - file_data_reader.py:read:259 - 读取完成 [.csv] test.csv
2026-03-12 15:06:32 - DEBUG - file_data_reader.py:read:259 - 读取完成 [.csv] test.csv
2026-03-12 15:08:55 - DEBUG - file_data_reader.py:__init__:84 - 初始化文件读取器: test.csv (格式: .csv)
2026-03-12 15:08:55 - DEBUG - file_data_reader.py:__init__:84 - 初始化文件读取器: test.csv (格式: .csv)
2026-03-12 15:08:55 - INFO - file_data_reader.py:read:240 - 开始读取 [.csv] test.csv
2026-03-12 15:08:55 - INFO - file_data_reader.py:read:240 - 开始读取 [.csv] test.csv
2026-03-12 15:08:55 - DEBUG - file_data_reader.py:_read_csv:162 - 读取 CSV: test.csv
2026-03-12 15:08:55 - DEBUG - file_data_reader.py:_read_csv:162 - 读取 CSV: test.csv
2026-03-12 15:08:55 - DEBUG - file_data_reader.py:_read_csv:173 - CSV 读取成功 | 形状(3, 4) | 列预览: ['n1', 'n2', 'n3']... (共4列)
2026-03-12 15:08:55 - DEBUG - file_data_reader.py:_read_csv:173 - CSV 读取成功 | 形状(3, 4) | 列预览: ['n1', 'n2', 'n3']... (共4列)
2026-03-12 15:08:55 - DEBUG - file_data_reader.py:read:259 - 读取完成 [.csv] test.csv
2026-03-12 15:08:55 - DEBUG - file_data_reader.py:read:259 - 读取完成 [.csv] test.csv
2026-03-12 15:43:02 - DEBUG - file_data_reader.py:__init__:84 - 初始化文件读取器: test.csv (格式: .csv)
2026-03-12 15:43:02 - DEBUG - file_data_reader.py:__init__:84 - 初始化文件读取器: test.csv (格式: .csv)
2026-03-12 15:43:02 - INFO - file_data_reader.py:read:240 - 开始读取 [.csv] test.csv
2026-03-12 15:43:02 - INFO - file_data_reader.py:read:240 - 开始读取 [.csv] test.csv
2026-03-12 15:43:02 - DEBUG - file_data_reader.py:_read_csv:162 - 读取 CSV: test.csv
2026-03-12 15:43:02 - DEBUG - file_data_reader.py:_read_csv:162 - 读取 CSV: test.csv
2026-03-12 15:43:02 - DEBUG - file_data_reader.py:_read_csv:173 - CSV 读取成功 | 形状(3, 4) | 列预览: ['n1', 'n2', 'n3']... (共4列)
2026-03-12 15:43:02 - DEBUG - file_data_reader.py:_read_csv:173 - CSV 读取成功 | 形状(3, 4) | 列预览: ['n1', 'n2', 'n3']... (共4列)
2026-03-12 15:43:02 - DEBUG - file_data_reader.py:read:259 - 读取完成 [.csv] test.csv
2026-03-12 15:43:02 - DEBUG - file_data_reader.py:read:259 - 读取完成 [.csv] test.csv
2026-03-12 16:28:02 - ERROR - timeout.py:wrapper:68 - 测试用例 test_pardd 已执行超过 3 秒。
2026-03-12 17:40:52 - DEBUG - file_data_reader.py:__init__:84 - 初始化文件读取器: test.xlsx (格式: .xlsx)
2026-03-12 17:40:52 - DEBUG - file_data_reader.py:__init__:84 - 初始化文件读取器: test.xlsx (格式: .xlsx)
2026-03-12 17:40:52 - INFO - file_data_reader.py:read:240 - 开始读取 [.xlsx] test.xlsx
2026-03-12 17:40:52 - INFO - file_data_reader.py:read:240 - 开始读取 [.xlsx] test.xlsx
2026-03-12 17:40:52 - DEBUG - file_data_reader.py:_read_excel:188 - 读取 Excel: test.xlsx
2026-03-12 17:40:52 - DEBUG - file_data_reader.py:_read_excel:188 - 读取 Excel: test.xlsx
2026-03-12 17:40:52 - DEBUG - file_data_reader.py:_read_excel:196 - Excel 读取成功 | 形状(3, 4) | 列预览: ['n1', 'n2', 'n3']... (共4列)
2026-03-12 17:40:52 - DEBUG - file_data_reader.py:_read_excel:196 - Excel 读取成功 | 形状(3, 4) | 列预览: ['n1', 'n2', 'n3']... (共4列)
2026-03-12 17:40:52 - DEBUG - file_data_reader.py:read:259 - 读取完成 [.xlsx] test.xlsx
2026-03-12 17:40:52 - DEBUG - file_data_reader.py:read:259 - 读取完成 [.xlsx] test.xlsx
2026-03-12 17:47:58 - DEBUG - file_data_reader.py:__init__:84 - 初始化文件读取器: test.xls (格式: .xls)
2026-03-12 17:47:58 - DEBUG - file_data_reader.py:__init__:84 - 初始化文件读取器: test.xls (格式: .xls)
2026-03-12 17:47:58 - INFO - file_data_reader.py:read:240 - 开始读取 [.xls] test.xls
2026-03-12 17:47:58 - INFO - file_data_reader.py:read:240 - 开始读取 [.xls] test.xls
2026-03-12 17:47:58 - DEBUG - file_data_reader.py:_read_excel:188 - 读取 Excel: test.xls
2026-03-12 17:47:58 - DEBUG - file_data_reader.py:_read_excel:188 - 读取 Excel: test.xls
2026-03-12 17:47:58 - ERROR - file_data_reader.py:read:264 - 读取失败 [.xls] test.xls: `Import xlrd` failed. Install xlrd >= 2.0.1 for xls Excel support Use pip or conda to install the xlrd package.
2026-03-12 17:47:58 - ERROR - file_data_reader.py:read:264 - 读取失败 [.xls] test.xls: `Import xlrd` failed. Install xlrd >= 2.0.1 for xls Excel support Use pip or conda to install the xlrd package.
